<?xml version="1.0" encoding="UTF-8"?>
<robot generator="Robot 3.2.1 (Python 3.8.5 on win32)" generated="20201025 15:15:47.837" rpa="false">
<suite id="s1" name="TC Demo" source="E:\Project_Work\DemoProject\Tests\TC_Demo.robot">
<test id="s1-t1" name="Test Demo">
<kw name="First keyword" library="Demo">
<kw name="Log To Console" library="BuiltIn">
<doc>Logs the given message to the console.</doc>
<arguments>
<arg>"Do something"</arg>
</arguments>
<status status="PASS" starttime="20201025 15:15:47.884" endtime="20201025 15:15:47.884"></status>
</kw>
<status status="PASS" starttime="20201025 15:15:47.884" endtime="20201025 15:15:47.884"></status>
</kw>
<kw name="Second keyword" library="Demo">
<kw name="Log To Console" library="BuiltIn">
<doc>Logs the given message to the console.</doc>
<arguments>
<arg>"Do more"</arg>
</arguments>
<status status="PASS" starttime="20201025 15:15:47.884" endtime="20201025 15:15:47.884"></status>
</kw>
<status status="PASS" starttime="20201025 15:15:47.884" endtime="20201025 15:15:47.884"></status>
</kw>
<tags>
<tag>@demo</tag>
</tags>
<status status="PASS" starttime="20201025 15:15:47.884" endtime="20201025 15:15:47.884" critical="yes"></status>
</test>
<doc>Demo Test for Git</doc>
<status status="PASS" starttime="20201025 15:15:47.837" endtime="20201025 15:15:47.884"></status>
</suite>
<statistics>
<total>
<stat pass="1" fail="0">Critical Tests</stat>
<stat pass="1" fail="0">All Tests</stat>
</total>
<tag>
<stat pass="1" fail="0">@demo</stat>
</tag>
<suite>
<stat pass="1" fail="0" id="s1" name="TC Demo">TC Demo</stat>
</suite>
</statistics>
<errors>
</errors>
</robot>
